{
  "RSpec": {
    "coverage": {
      "/Users/potato/code/makers/repos/bank_tech_test/spec/account_basic_spec.rb": [
        1,
        1,
        1,
        1,
        1,
        1,
        null,
        null,
        1,
        1,
        1,
        1,
        null,
        null,
        1,
        1,
        1,
        1,
        null,
        null,
        null,
        1,
        1,
        2,
        null,
        1,
        2,
        null,
        1,
        2,
        null,
        1,
        2,
        null,
        null,
        null
      ],
      "/Users/potato/code/makers/repos/bank_tech_test/lib/account.rb": [
        1,
        1,
        1,
        null,
        1,
        10,
        null,
        null,
        1,
        6,
        5,
        4,
        null,
        null,
        1,
        6,
        5,
        4,
        null,
        null,
        1,
        6,
        6,
        null,
        6,
        8,
        8,
        8,
        8,
        8,
        null,
        null,
        6,
        null,
        null,
        1,
        null,
        1,
        6,
        null,
        null,
        1,
        8,
        null,
        null,
        1,
        8,
        4,
        null,
        4,
        null,
        null,
        null,
        1,
        10,
        null,
        null,
        1,
        10,
        null,
        null,
        1,
        12,
        null,
        null
      ],
      "/Users/potato/code/makers/repos/bank_tech_test/spec/account_medium_spec.rb": [
        1,
        1,
        1,
        null,
        1,
        1,
        1,
        null,
        1,
        1,
        1,
        null,
        1,
        1,
        null,
        1,
        1,
        1,
        null,
        null,
        1,
        1,
        null,
        1,
        1,
        1,
        null,
        null,
        null
      ]
    },
    "timestamp": 1569251572
  }
}
