{
  "RSpec": {
    "coverage": {
      "/Users/potato/code/makers/repos/bank_tech_test/spec/account_spec.rb": [
        1,
        1,
        1,
        1,
        1,
        null,
        null,
        1,
        1,
        1,
        1,
        null,
        null,
        1,
        1,
        1,
        1,
        null,
        null
      ],
      "/Users/potato/code/makers/repos/bank_tech_test/lib/account.rb": [
        1,
        1,
        3,
        null,
        null,
        1,
        1,
        null,
        null,
        1,
        1,
        null,
        null,
        1,
        3,
        null,
        3,
        2,
        2,
        1,
        1,
        1,
        1,
        null,
        null,
        1,
        1,
        1,
        1,
        null,
        null,
        2,
        null,
        3,
        null,
        null
      ]
    },
    "timestamp": 1569247443
  }
}
